<?xml version="1.0" encoding="UTF-8" ?>
<testsuite tests="5" failures="0" name="edu.uom.currencymanager.currencies.CurrencyTest" time="0.023" errors="0" skipped="0">
  <properties>
[...]
</properties>
  <testcase classname="edu.uom.currencymanager.currencies.CurrencyTest" name="testCurrencyNameFromString" time="0.023"/>
  <testcase classname="edu.uom.currencymanager.currencies.CurrencyTest" name="testCurrencyCodeFromString" time="0"/>
  <testcase classname="edu.uom.currencymanager.currencies.CurrencyTest" name="testCurrencyMajorIsFalseFromString" time="0"/>
  <testcase classname="edu.uom.currencymanager.currencies.CurrencyTest" name="testCurrencyToString" time="0"/>
  <testcase classname="edu.uom.currencymanager.currencies.CurrencyTest" name="testCurrencyMajorIsTrueFromString" time="0"/>
</testsuite>